c:\users\5brakm58\downloads\enginearchcollisionsystem\engine architecture assessment\x64\debug\vc143.pdb
c:\users\5brakm58\downloads\enginearchcollisionsystem\engine architecture assessment\x64\debug\vc143.idb
c:\users\5brakm58\downloads\enginearchcollisionsystem\engine architecture assessment\x64\debug\vector2.obj
c:\users\5brakm58\downloads\enginearchcollisionsystem\engine architecture assessment\x64\debug\transform.obj
c:\users\5brakm58\downloads\enginearchcollisionsystem\engine architecture assessment\x64\debug\time.obj
c:\users\5brakm58\downloads\enginearchcollisionsystem\engine architecture assessment\x64\debug\square.obj
c:\users\5brakm58\downloads\enginearchcollisionsystem\engine architecture assessment\x64\debug\main.obj
c:\users\5brakm58\downloads\enginearchcollisionsystem\engine architecture assessment\x64\debug\iobserver.obj
c:\users\5brakm58\downloads\enginearchcollisionsystem\engine architecture assessment\x64\debug\gameobject.obj
c:\users\5brakm58\downloads\enginearchcollisionsystem\engine architecture assessment\x64\debug\game.obj
c:\users\5brakm58\downloads\enginearchcollisionsystem\engine architecture assessment\x64\debug\eventmanager.obj
c:\users\5brakm58\downloads\enginearchcollisionsystem\engine architecture assessment\x64\debug\collisionmanager.obj
c:\users\5brakm58\downloads\enginearchcollisionsystem\engine architecture assessment\x64\debug\collider.obj
c:\users\5brakm58\downloads\enginearchcollisionsystem\engine architecture assessment\x64\debug\boxcollider.obj
c:\users\5brakm58\downloads\enginearchcollisionsystem\engine architecture assessment\x64\debug\engine architecture assessment.exe
c:\users\5brakm58\downloads\enginearchcollisionsystem\engine architecture assessment\x64\debug\engine architecture assessment.ilk
c:\users\5brakm58\downloads\enginearchcollisionsystem\engine architecture assessment\x64\debug\engine architecture assessment.pdb
c:\users\5brakm58\downloads\enginearchcollisionsystem\engine architecture assessment\x64\debug\engine a.faaa0b2a.tlog\cl.command.1.tlog
c:\users\5brakm58\downloads\enginearchcollisionsystem\engine architecture assessment\x64\debug\engine a.faaa0b2a.tlog\cl.items.tlog
c:\users\5brakm58\downloads\enginearchcollisionsystem\engine architecture assessment\x64\debug\engine a.faaa0b2a.tlog\cl.read.1.tlog
c:\users\5brakm58\downloads\enginearchcollisionsystem\engine architecture assessment\x64\debug\engine a.faaa0b2a.tlog\cl.write.1.tlog
c:\users\5brakm58\downloads\enginearchcollisionsystem\engine architecture assessment\x64\debug\engine a.faaa0b2a.tlog\link.command.1.tlog
c:\users\5brakm58\downloads\enginearchcollisionsystem\engine architecture assessment\x64\debug\engine a.faaa0b2a.tlog\link.read.1.tlog
c:\users\5brakm58\downloads\enginearchcollisionsystem\engine architecture assessment\x64\debug\engine a.faaa0b2a.tlog\link.write.1.tlog
