  CollisionManager.cpp
  EventManager.cpp
  Game.cpp
  GameObject.cpp
C:\Users\Matth\Documents\YEAR 2\EngineArch\EngineArchCollisionSystem\Engine Architecture Assessment\GameObject.cpp(37,33): warning C4838: conversion from 'float' to 'int' requires a narrowing conversion
C:\Users\Matth\Documents\YEAR 2\EngineArch\EngineArchCollisionSystem\Engine Architecture Assessment\GameObject.cpp(37,33): warning C4244: 'initializing': conversion from 'float' to 'int', possible loss of data
C:\Users\Matth\Documents\YEAR 2\EngineArch\EngineArchCollisionSystem\Engine Architecture Assessment\GameObject.cpp(37,48): warning C4838: conversion from 'float' to 'int' requires a narrowing conversion
C:\Users\Matth\Documents\YEAR 2\EngineArch\EngineArchCollisionSystem\Engine Architecture Assessment\GameObject.cpp(37,48): warning C4244: 'initializing': conversion from 'float' to 'int', possible loss of data
C:\Users\Matth\Documents\YEAR 2\EngineArch\EngineArchCollisionSystem\Engine Architecture Assessment\GameObject.cpp(37,51): warning C4838: conversion from 'float' to 'int' requires a narrowing conversion
C:\Users\Matth\Documents\YEAR 2\EngineArch\EngineArchCollisionSystem\Engine Architecture Assessment\GameObject.cpp(37,51): warning C4244: 'initializing': conversion from 'float' to 'int', possible loss of data
C:\Users\Matth\Documents\YEAR 2\EngineArch\EngineArchCollisionSystem\Engine Architecture Assessment\GameObject.cpp(37,57): warning C4838: conversion from 'float' to 'int' requires a narrowing conversion
C:\Users\Matth\Documents\YEAR 2\EngineArch\EngineArchCollisionSystem\Engine Architecture Assessment\GameObject.cpp(37,57): warning C4244: 'initializing': conversion from 'float' to 'int', possible loss of data
C:\Users\Matth\Documents\YEAR 2\EngineArch\EngineArchCollisionSystem\Engine Architecture Assessment\GameObject.cpp(74,12): warning C4244: 'argument': conversion from 'time_t' to 'unsigned int', possible loss of data
C:\Users\Matth\Documents\YEAR 2\EngineArch\EngineArchCollisionSystem\Engine Architecture Assessment\GameObject.cpp(79,10): warning C4244: '=': conversion from 'int' to 'float', possible loss of data
C:\Users\Matth\Documents\YEAR 2\EngineArch\EngineArchCollisionSystem\Engine Architecture Assessment\GameObject.cpp(80,10): warning C4244: '=': conversion from 'int' to 'float', possible loss of data
  main.cpp
  Generating Code...
C:\Users\Matth\Documents\YEAR 2\EngineArch\EngineArchCollisionSystem\Engine Architecture Assessment\main.cpp(13): warning C4715: 'Initialise': not all control paths return a value
C:\Users\Matth\Documents\YEAR 2\EngineArch\EngineArchCollisionSystem\Engine Architecture Assessment\GameObject.cpp(65): warning C4715: 'GameObject::ObjectTypeToString': not all control paths return a value
  Engine Architecture Assessment.vcxproj -> C:\Users\Matth\Documents\YEAR 2\EngineArch\EngineArchCollisionSystem\Engine Architecture Assessment\x64\Debug\Engine Architecture Assessment.exe
